<?xml version="1.0" encoding="UTF-8"?>
<testsuite name="HelloWorldTest" tests="1" skipped="0" failures="0" errors="0" timestamp="2021-08-16T12:50:29" hostname="Dell" time="0.025">
  <properties/>
  <testcase name="helloWorldTest" classname="HelloWorldTest" time="0.025"/>
  <system-out><![CDATA[]]></system-out>
  <system-err><![CDATA[]]></system-err>
</testsuite>
