<?xml version="1.0" encoding="UTF-8"?>
<testsuite name="ReverseStringTest" tests="7" skipped="0" failures="0" errors="0" timestamp="2021-08-17T05:57:20" hostname="Dell" time="0.019">
  <properties/>
  <testcase name="single word" classname="ReverseStringTest" time="0.016"/>
  <testcase name="sentence with punctuation" classname="ReverseStringTest" time="0.0"/>
  <testcase name="even-sized word" classname="ReverseStringTest" time="0.0"/>
  <testcase name="capitalized word" classname="ReverseStringTest" time="0.0"/>
  <testcase name="empty string" classname="ReverseStringTest" time="0.0"/>
  <testcase name="apply twice" classname="ReverseStringTest" time="0.0"/>
  <testcase name="palindrome word" classname="ReverseStringTest" time="0.0"/>
  <system-out><![CDATA[]]></system-out>
  <system-err><![CDATA[]]></system-err>
</testsuite>
